<?xml version="1.0" encoding="UTF-8"?>
<testsuite xmlns:xsi="http://www.w3.org/2001/XMLSchema-instance" xsi:noNamespaceSchemaLocation="https://maven.apache.org/surefire/maven-surefire-plugin/xsd/surefire-test-report.xsd" version="3.0.2" name="com.studentnotes.service.PermissionServiceTest" time="0.098" tests="0" errors="0" skipped="0" failures="0">
  <properties>
[...]
</properties>
  <testcase name="adminShouldHaveWriteAccess" classname="Admin Permissions" time="0.052"/>
  <testcase name="adminShouldHaveDeleteAccess" classname="Admin Permissions" time="0.002"/>
  <testcase name="adminShouldHaveReadAccess" classname="Admin Permissions" time="0.002"/>
  <testcase name="adminShouldHaveManageAccess" classname="Admin Permissions" time="0.002"/>
  <testcase name="shouldNotGrantAccessForExpiredPermissions" classname="Folder-Level Permissions" time="0.002"/>
  <testcase name="shouldRespectHierarchicalWritePermissions" classname="Folder-Level Permissions" time="0.002"/>
  <testcase name="shouldNotGrantAccessForInactivePermissions" classname="Folder-Level Permissions" time="0.002"/>
  <testcase name="shouldGrantAccessWithFolderPermission" classname="Folder-Level Permissions" time="0.002"/>
  <testcase name="shouldRespectHierarchicalPermissions" classname="Folder-Level Permissions" time="0.002"/>
  <testcase name="shouldDenyAccessAfterRevocation" classname="Mid-Session Permission Revocation" time="0.003"/>
  <testcase name="assertPermissionShouldThrowWhenDenied" classname="Permission Assertion" time="0.004">
    <system-out><![CDATA[2026-01-19 10:45:33.919 [no-correlation] [anonymous] WARN  c.s.service.PermissionService - Permission denied: user clean@test.com attempted WRITE on folder it/year1
]]></system-out>
  </testcase>
  <testcase name="assertPermissionShouldNotThrowForAdmin" classname="Permission Assertion" time="0.001"/>
  <testcase name="teacherWithoutDepartmentShouldNotHaveReadAccess" classname="Teacher Department Access" time="0.002"/>
  <testcase name="teacherWithDepartmentShouldHaveReadAccess" classname="Teacher Department Access" time="0.002"/>
  <testcase name="teacherShouldNotHaveAccessToOtherDepartments" classname="Teacher Department Access" time="0.002"/>
</testsuite>